{"/Users/tpgoss/Desktop/salon-on-backend/Project/helperFunctions.js": {"path":"/Users/tpgoss/Desktop/salon-on-backend/Project/helperFunctions.js","statementMap":{"0":{"start":{"line":5,"column":16},"end":{"line":5,"column":47}},"1":{"start":{"line":6,"column":19},"end":{"line":6,"column":45}},"2":{"start":{"line":11,"column":1},"end":{"line":11,"column":25}},"3":{"start":{"line":12,"column":1},"end":{"line":12,"column":24}},"4":{"start":{"line":13,"column":1},"end":{"line":13,"column":30}},"5":{"start":{"line":14,"column":1},"end":{"line":14,"column":29}},"6":{"start":{"line":15,"column":17},"end":{"line":15,"column":91}},"7":{"start":{"line":16,"column":20},"end":{"line":16,"column":97}},"8":{"start":{"line":17,"column":23},"end":{"line":17,"column":43}},"9":{"start":{"line":18,"column":16},"end":{"line":18,"column":48}},"10":{"start":{"line":19,"column":23},"end":{"line":19,"column":84}},"11":{"start":{"line":20,"column":20},"end":{"line":20,"column":62}},"12":{"start":{"line":22,"column":1},"end":{"line":22,"column":23}},"13":{"start":{"line":26,"column":0},"end":{"line":26,"column":60}}},"fnMap":{"0":{"name":"distanceBetweenTwoPoints","decl":{"start":{"line":9,"column":15},"end":{"line":9,"column":39}},"loc":{"start":{"line":9,"column":61},"end":{"line":23,"column":1}},"line":9}},"branchMap":{},"s":{"0":1,"1":1,"2":1,"3":1,"4":1,"5":1,"6":1,"7":1,"8":1,"9":1,"10":1,"11":1,"12":1,"13":1},"f":{"0":1},"b":{},"_coverageSchema":"43e27e138ebf9cfc5966b082cf9a028302ed4184","hash":"8eb95ad6e8fd75d83d08851c15746e526f64f0ad"}
,"/Users/tpgoss/Desktop/salon-on-backend/Project/Backend/database.js": {"path":"/Users/tpgoss/Desktop/salon-on-backend/Project/Backend/database.js","statementMap":{"0":{"start":{"line":1,"column":14},"end":{"line":1,"column":30}},"1":{"start":{"line":2,"column":13},"end":{"line":2,"column":28}},"2":{"start":{"line":3,"column":15},"end":{"line":3,"column":34}},"3":{"start":{"line":6,"column":19},"end":{"line":11,"column":2}},"4":{"start":{"line":17,"column":1},"end":{"line":17,"column":51}},"5":{"start":{"line":20,"column":1},"end":{"line":20,"column":50}},"6":{"start":{"line":23,"column":1},"end":{"line":23,"column":66}},"7":{"start":{"line":26,"column":1},"end":{"line":26,"column":45}},"8":{"start":{"line":31,"column":1},"end":{"line":31,"column":122}},"9":{"start":{"line":32,"column":1},"end":{"line":32,"column":32}},"10":{"start":{"line":35,"column":1},"end":{"line":35,"column":48}},"11":{"start":{"line":36,"column":1},"end":{"line":36,"column":36}},"12":{"start":{"line":38,"column":1},"end":{"line":38,"column":113}},"13":{"start":{"line":41,"column":1},"end":{"line":45,"column":2}},"14":{"start":{"line":42,"column":2},"end":{"line":44,"column":3}},"15":{"start":{"line":42,"column":13},"end":{"line":42,"column":14}},"16":{"start":{"line":43,"column":3},"end":{"line":43,"column":34}},"17":{"start":{"line":46,"column":1},"end":{"line":46,"column":12}},"18":{"start":{"line":47,"column":1},"end":{"line":47,"column":33}},"19":{"start":{"line":48,"column":1},"end":{"line":51,"column":2}},"20":{"start":{"line":49,"column":2},"end":{"line":49,"column":46}},"21":{"start":{"line":50,"column":2},"end":{"line":50,"column":37}},"22":{"start":{"line":52,"column":1},"end":{"line":52,"column":61}},"23":{"start":{"line":53,"column":1},"end":{"line":53,"column":29}},"24":{"start":{"line":57,"column":1},"end":{"line":57,"column":68}},"25":{"start":{"line":58,"column":1},"end":{"line":58,"column":36}},"26":{"start":{"line":59,"column":1},"end":{"line":59,"column":18}},"27":{"start":{"line":62,"column":1},"end":{"line":62,"column":71}},"28":{"start":{"line":63,"column":1},"end":{"line":63,"column":35}},"29":{"start":{"line":64,"column":1},"end":{"line":64,"column":18}},"30":{"start":{"line":67,"column":1},"end":{"line":67,"column":101}},"31":{"start":{"line":68,"column":1},"end":{"line":70,"column":2}},"32":{"start":{"line":69,"column":2},"end":{"line":69,"column":33}},"33":{"start":{"line":71,"column":1},"end":{"line":71,"column":18}},"34":{"start":{"line":80,"column":1},"end":{"line":80,"column":162}},"35":{"start":{"line":81,"column":1},"end":{"line":81,"column":32}},"36":{"start":{"line":82,"column":1},"end":{"line":85,"column":2}},"37":{"start":{"line":83,"column":2},"end":{"line":83,"column":43}},"38":{"start":{"line":84,"column":2},"end":{"line":84,"column":15}},"39":{"start":{"line":86,"column":1},"end":{"line":86,"column":46}},"40":{"start":{"line":87,"column":1},"end":{"line":87,"column":13}},"41":{"start":{"line":97,"column":1},"end":{"line":97,"column":45}},"42":{"start":{"line":98,"column":1},"end":{"line":98,"column":116}},"43":{"start":{"line":99,"column":1},"end":{"line":102,"column":2}},"44":{"start":{"line":100,"column":2},"end":{"line":100,"column":60}},"45":{"start":{"line":101,"column":2},"end":{"line":101,"column":15}},"46":{"start":{"line":104,"column":20},"end":{"line":104,"column":22}},"47":{"start":{"line":105,"column":1},"end":{"line":105,"column":54}},"48":{"start":{"line":106,"column":1},"end":{"line":108,"column":4}},"49":{"start":{"line":107,"column":2},"end":{"line":107,"column":116}},"50":{"start":{"line":109,"column":1},"end":{"line":109,"column":42}},"51":{"start":{"line":110,"column":1},"end":{"line":113,"column":2}},"52":{"start":{"line":111,"column":2},"end":{"line":111,"column":68}},"53":{"start":{"line":112,"column":2},"end":{"line":112,"column":15}},"54":{"start":{"line":114,"column":1},"end":{"line":114,"column":54}},"55":{"start":{"line":115,"column":1},"end":{"line":115,"column":14}},"56":{"start":{"line":130,"column":1},"end":{"line":143,"column":3}},"57":{"start":{"line":131,"column":4},"end":{"line":137,"column":7}},"58":{"start":{"line":132,"column":5},"end":{"line":136,"column":6}},"59":{"start":{"line":133,"column":6},"end":{"line":133,"column":18}},"60":{"start":{"line":135,"column":5},"end":{"line":135,"column":15}},"61":{"start":{"line":139,"column":4},"end":{"line":139,"column":45}},"62":{"start":{"line":141,"column":4},"end":{"line":141,"column":43}},"63":{"start":{"line":148,"column":3},"end":{"line":161,"column":5}},"64":{"start":{"line":149,"column":3},"end":{"line":155,"column":6}},"65":{"start":{"line":150,"column":4},"end":{"line":154,"column":5}},"66":{"start":{"line":151,"column":5},"end":{"line":151,"column":17}},"67":{"start":{"line":153,"column":4},"end":{"line":153,"column":14}},"68":{"start":{"line":157,"column":3},"end":{"line":157,"column":49}},"69":{"start":{"line":159,"column":3},"end":{"line":159,"column":45}},"70":{"start":{"line":169,"column":1},"end":{"line":185,"column":4}},"71":{"start":{"line":170,"column":2},"end":{"line":176,"column":7}},"72":{"start":{"line":171,"column":3},"end":{"line":175,"column":4}},"73":{"start":{"line":172,"column":4},"end":{"line":172,"column":15}},"74":{"start":{"line":174,"column":4},"end":{"line":174,"column":17}},"75":{"start":{"line":178,"column":2},"end":{"line":178,"column":57}},"76":{"start":{"line":181,"column":2},"end":{"line":181,"column":14}},"77":{"start":{"line":183,"column":2},"end":{"line":183,"column":40}},"78":{"start":{"line":184,"column":2},"end":{"line":184,"column":15}},"79":{"start":{"line":191,"column":1},"end":{"line":223,"column":4}},"80":{"start":{"line":192,"column":2},"end":{"line":192,"column":42}},"81":{"start":{"line":193,"column":2},"end":{"line":208,"column":5}},"82":{"start":{"line":194,"column":2},"end":{"line":207,"column":3}},"83":{"start":{"line":195,"column":3},"end":{"line":195,"column":15}},"84":{"start":{"line":197,"column":3},"end":{"line":206,"column":6}},"85":{"start":{"line":198,"column":4},"end":{"line":198,"column":31}},"86":{"start":{"line":199,"column":4},"end":{"line":205,"column":5}},"87":{"start":{"line":200,"column":5},"end":{"line":200,"column":13}},"88":{"start":{"line":202,"column":5},"end":{"line":204,"column":6}},"89":{"start":{"line":203,"column":6},"end":{"line":203,"column":16}},"90":{"start":{"line":210,"column":1},"end":{"line":210,"column":21}},"91":{"start":{"line":211,"column":1},"end":{"line":211,"column":49}},"92":{"start":{"line":212,"column":1},"end":{"line":212,"column":13}},"93":{"start":{"line":214,"column":2},"end":{"line":214,"column":74}},"94":{"start":{"line":215,"column":2},"end":{"line":221,"column":5}},"95":{"start":{"line":216,"column":3},"end":{"line":220,"column":4}},"96":{"start":{"line":217,"column":4},"end":{"line":217,"column":40}},"97":{"start":{"line":219,"column":4},"end":{"line":219,"column":38}},"98":{"start":{"line":222,"column":2},"end":{"line":222,"column":15}},"99":{"start":{"line":228,"column":0},"end":{"line":228,"column":25}},"100":{"start":{"line":229,"column":0},"end":{"line":229,"column":30}},"101":{"start":{"line":230,"column":0},"end":{"line":230,"column":41}},"102":{"start":{"line":231,"column":0},"end":{"line":231,"column":36}},"103":{"start":{"line":232,"column":0},"end":{"line":232,"column":42}},"104":{"start":{"line":233,"column":0},"end":{"line":233,"column":38}},"105":{"start":{"line":234,"column":0},"end":{"line":234,"column":38}},"106":{"start":{"line":235,"column":0},"end":{"line":235,"column":36}},"107":{"start":{"line":236,"column":0},"end":{"line":236,"column":54}},"108":{"start":{"line":237,"column":0},"end":{"line":237,"column":30}},"109":{"start":{"line":238,"column":0},"end":{"line":238,"column":30}},"110":{"start":{"line":239,"column":0},"end":{"line":239,"column":43}},"111":{"start":{"line":240,"column":0},"end":{"line":240,"column":40}}},"fnMap":{"0":{"name":"getAllHairStyles","decl":{"start":{"line":16,"column":15},"end":{"line":16,"column":31}},"loc":{"start":{"line":16,"column":34},"end":{"line":18,"column":1}},"line":16},"1":{"name":"getAllAmenities","decl":{"start":{"line":19,"column":15},"end":{"line":19,"column":30}},"loc":{"start":{"line":19,"column":33},"end":{"line":21,"column":1}},"line":19},"2":{"name":"getAllStylists","decl":{"start":{"line":22,"column":15},"end":{"line":22,"column":29}},"loc":{"start":{"line":22,"column":32},"end":{"line":24,"column":1}},"line":22},"3":{"name":"getAllClients","decl":{"start":{"line":25,"column":15},"end":{"line":25,"column":28}},"loc":{"start":{"line":25,"column":31},"end":{"line":27,"column":1}},"line":25},"4":{"name":"searchStylists","decl":{"start":{"line":30,"column":15},"end":{"line":30,"column":29}},"loc":{"start":{"line":30,"column":35},"end":{"line":33,"column":1}},"line":30},"5":{"name":"searchByLocation","decl":{"start":{"line":34,"column":15},"end":{"line":34,"column":31}},"loc":{"start":{"line":34,"column":44},"end":{"line":54,"column":1}},"line":34},"6":{"name":"getAmenityByID","decl":{"start":{"line":56,"column":15},"end":{"line":56,"column":29}},"loc":{"start":{"line":56,"column":33},"end":{"line":60,"column":1}},"line":56},"7":{"name":"getClientByID","decl":{"start":{"line":61,"column":15},"end":{"line":61,"column":28}},"loc":{"start":{"line":61,"column":35},"end":{"line":65,"column":1}},"line":61},"8":{"name":"getClientByUserAndPass","decl":{"start":{"line":66,"column":15},"end":{"line":66,"column":37}},"loc":{"start":{"line":66,"column":49},"end":{"line":72,"column":1}},"line":66},"9":{"name":"createUser","decl":{"start":{"line":79,"column":15},"end":{"line":79,"column":25}},"loc":{"start":{"line":79,"column":104},"end":{"line":88,"column":1}},"line":79},"10":{"name":"addstylist","decl":{"start":{"line":95,"column":15},"end":{"line":95,"column":25}},"loc":{"start":{"line":95,"column":52},"end":{"line":116,"column":1}},"line":95},"11":{"name":"(anonymous_11)","decl":{"start":{"line":106,"column":16},"end":{"line":106,"column":17}},"loc":{"start":{"line":106,"column":23},"end":{"line":108,"column":2}},"line":106},"12":{"name":"connect","decl":{"start":{"line":129,"column":15},"end":{"line":129,"column":22}},"loc":{"start":{"line":129,"column":24},"end":{"line":144,"column":1}},"line":129},"13":{"name":"(anonymous_13)","decl":{"start":{"line":130,"column":20},"end":{"line":130,"column":21}},"loc":{"start":{"line":130,"column":39},"end":{"line":138,"column":2}},"line":130},"14":{"name":"(anonymous_14)","decl":{"start":{"line":131,"column":23},"end":{"line":131,"column":24}},"loc":{"start":{"line":131,"column":32},"end":{"line":137,"column":5}},"line":131},"15":{"name":"(anonymous_15)","decl":{"start":{"line":138,"column":9},"end":{"line":138,"column":10}},"loc":{"start":{"line":138,"column":13},"end":{"line":140,"column":2}},"line":138},"16":{"name":"(anonymous_16)","decl":{"start":{"line":140,"column":10},"end":{"line":140,"column":11}},"loc":{"start":{"line":140,"column":17},"end":{"line":143,"column":2}},"line":140},"17":{"name":"disconnect","decl":{"start":{"line":147,"column":15},"end":{"line":147,"column":25}},"loc":{"start":{"line":147,"column":27},"end":{"line":162,"column":1}},"line":147},"18":{"name":"(anonymous_18)","decl":{"start":{"line":148,"column":22},"end":{"line":148,"column":23}},"loc":{"start":{"line":148,"column":41},"end":{"line":156,"column":4}},"line":148},"19":{"name":"(anonymous_19)","decl":{"start":{"line":149,"column":18},"end":{"line":149,"column":19}},"loc":{"start":{"line":149,"column":27},"end":{"line":155,"column":4}},"line":149},"20":{"name":"(anonymous_20)","decl":{"start":{"line":156,"column":11},"end":{"line":156,"column":12}},"loc":{"start":{"line":156,"column":15},"end":{"line":158,"column":4}},"line":156},"21":{"name":"(anonymous_21)","decl":{"start":{"line":158,"column":12},"end":{"line":158,"column":13}},"loc":{"start":{"line":158,"column":19},"end":{"line":161,"column":4}},"line":158},"22":{"name":"runQuery","decl":{"start":{"line":167,"column":15},"end":{"line":167,"column":23}},"loc":{"start":{"line":167,"column":35},"end":{"line":186,"column":1}},"line":167},"23":{"name":"(anonymous_23)","decl":{"start":{"line":169,"column":20},"end":{"line":169,"column":21}},"loc":{"start":{"line":169,"column":41},"end":{"line":177,"column":2}},"line":169},"24":{"name":"(anonymous_24)","decl":{"start":{"line":170,"column":30},"end":{"line":170,"column":31}},"loc":{"start":{"line":170,"column":44},"end":{"line":176,"column":5}},"line":170},"25":{"name":"(anonymous_25)","decl":{"start":{"line":177,"column":9},"end":{"line":177,"column":10}},"loc":{"start":{"line":177,"column":19},"end":{"line":182,"column":2}},"line":177},"26":{"name":"(anonymous_26)","decl":{"start":{"line":182,"column":10},"end":{"line":182,"column":11}},"loc":{"start":{"line":182,"column":23},"end":{"line":185,"column":2}},"line":182},"27":{"name":"transaction","decl":{"start":{"line":190,"column":16},"end":{"line":190,"column":27}},"loc":{"start":{"line":190,"column":37},"end":{"line":225,"column":1}},"line":190},"28":{"name":"(anonymous_28)","decl":{"start":{"line":191,"column":20},"end":{"line":191,"column":21}},"loc":{"start":{"line":191,"column":41},"end":{"line":209,"column":2}},"line":191},"29":{"name":"(anonymous_29)","decl":{"start":{"line":193,"column":30},"end":{"line":193,"column":31}},"loc":{"start":{"line":193,"column":39},"end":{"line":208,"column":3}},"line":193},"30":{"name":"(anonymous_30)","decl":{"start":{"line":197,"column":19},"end":{"line":197,"column":20}},"loc":{"start":{"line":197,"column":32},"end":{"line":206,"column":4}},"line":197},"31":{"name":"(anonymous_31)","decl":{"start":{"line":209,"column":9},"end":{"line":209,"column":10}},"loc":{"start":{"line":209,"column":14},"end":{"line":213,"column":2}},"line":209},"32":{"name":"(anonymous_32)","decl":{"start":{"line":213,"column":10},"end":{"line":213,"column":11}},"loc":{"start":{"line":213,"column":14},"end":{"line":223,"column":2}},"line":213},"33":{"name":"(anonymous_33)","decl":{"start":{"line":215,"column":22},"end":{"line":215,"column":23}},"loc":{"start":{"line":215,"column":31},"end":{"line":221,"column":3}},"line":215}},"branchMap":{"0":{"loc":{"start":{"line":41,"column":1},"end":{"line":45,"column":2}},"type":"if","locations":[{"start":{"line":41,"column":1},"end":{"line":45,"column":2}},{"start":{"line":41,"column":1},"end":{"line":45,"column":2}}],"line":41},"1":{"loc":{"start":{"line":48,"column":1},"end":{"line":51,"column":2}},"type":"if","locations":[{"start":{"line":48,"column":1},"end":{"line":51,"column":2}},{"start":{"line":48,"column":1},"end":{"line":51,"column":2}}],"line":48},"2":{"loc":{"start":{"line":68,"column":1},"end":{"line":70,"column":2}},"type":"if","locations":[{"start":{"line":68,"column":1},"end":{"line":70,"column":2}},{"start":{"line":68,"column":1},"end":{"line":70,"column":2}}],"line":68},"3":{"loc":{"start":{"line":82,"column":1},"end":{"line":85,"column":2}},"type":"if","locations":[{"start":{"line":82,"column":1},"end":{"line":85,"column":2}},{"start":{"line":82,"column":1},"end":{"line":85,"column":2}}],"line":82},"4":{"loc":{"start":{"line":99,"column":1},"end":{"line":102,"column":2}},"type":"if","locations":[{"start":{"line":99,"column":1},"end":{"line":102,"column":2}},{"start":{"line":99,"column":1},"end":{"line":102,"column":2}}],"line":99},"5":{"loc":{"start":{"line":110,"column":1},"end":{"line":113,"column":2}},"type":"if","locations":[{"start":{"line":110,"column":1},"end":{"line":113,"column":2}},{"start":{"line":110,"column":1},"end":{"line":113,"column":2}}],"line":110},"6":{"loc":{"start":{"line":132,"column":5},"end":{"line":136,"column":6}},"type":"if","locations":[{"start":{"line":132,"column":5},"end":{"line":136,"column":6}},{"start":{"line":132,"column":5},"end":{"line":136,"column":6}}],"line":132},"7":{"loc":{"start":{"line":150,"column":4},"end":{"line":154,"column":5}},"type":"if","locations":[{"start":{"line":150,"column":4},"end":{"line":154,"column":5}},{"start":{"line":150,"column":4},"end":{"line":154,"column":5}}],"line":150},"8":{"loc":{"start":{"line":171,"column":3},"end":{"line":175,"column":4}},"type":"if","locations":[{"start":{"line":171,"column":3},"end":{"line":175,"column":4}},{"start":{"line":171,"column":3},"end":{"line":175,"column":4}}],"line":171},"9":{"loc":{"start":{"line":194,"column":2},"end":{"line":207,"column":3}},"type":"if","locations":[{"start":{"line":194,"column":2},"end":{"line":207,"column":3}},{"start":{"line":194,"column":2},"end":{"line":207,"column":3}}],"line":194},"10":{"loc":{"start":{"line":199,"column":4},"end":{"line":205,"column":5}},"type":"if","locations":[{"start":{"line":199,"column":4},"end":{"line":205,"column":5}},{"start":{"line":199,"column":4},"end":{"line":205,"column":5}}],"line":199},"11":{"loc":{"start":{"line":202,"column":5},"end":{"line":204,"column":6}},"type":"if","locations":[{"start":{"line":202,"column":5},"end":{"line":204,"column":6}},{"start":{"line":202,"column":5},"end":{"line":204,"column":6}}],"line":202},"12":{"loc":{"start":{"line":216,"column":3},"end":{"line":220,"column":4}},"type":"if","locations":[{"start":{"line":216,"column":3},"end":{"line":220,"column":4}},{"start":{"line":216,"column":3},"end":{"line":220,"column":4}}],"line":216}},"s":{"0":1,"1":1,"2":1,"3":1,"4":1,"5":1,"6":1,"7":1,"8":0,"9":0,"10":0,"11":0,"12":0,"13":0,"14":0,"15":0,"16":0,"17":0,"18":0,"19":0,"20":0,"21":0,"22":0,"23":0,"24":0,"25":0,"26":0,"27":0,"28":0,"29":0,"30":0,"31":0,"32":0,"33":0,"34":0,"35":0,"36":0,"37":0,"38":0,"39":0,"40":0,"41":0,"42":0,"43":0,"44":0,"45":0,"46":0,"47":0,"48":0,"49":0,"50":0,"51":0,"52":0,"53":0,"54":0,"55":0,"56":0,"57":0,"58":0,"59":0,"60":0,"61":0,"62":0,"63":0,"64":0,"65":0,"66":0,"67":0,"68":0,"69":0,"70":4,"71":4,"72":4,"73":0,"74":4,"75":4,"76":4,"77":0,"78":0,"79":0,"80":0,"81":0,"82":0,"83":0,"84":0,"85":0,"86":0,"87":0,"88":0,"89":0,"90":0,"91":0,"92":0,"93":0,"94":0,"95":0,"96":0,"97":0,"98":0,"99":1,"100":1,"101":1,"102":1,"103":1,"104":1,"105":1,"106":1,"107":1,"108":1,"109":1,"110":1,"111":1},"f":{"0":1,"1":1,"2":1,"3":1,"4":0,"5":0,"6":0,"7":0,"8":0,"9":0,"10":0,"11":0,"12":0,"13":0,"14":0,"15":0,"16":0,"17":0,"18":0,"19":0,"20":0,"21":0,"22":4,"23":4,"24":4,"25":4,"26":0,"27":0,"28":0,"29":0,"30":0,"31":0,"32":0,"33":0},"b":{"0":[0,0],"1":[0,0],"2":[0,0],"3":[0,0],"4":[0,0],"5":[0,0],"6":[0,0],"7":[0,0],"8":[0,4],"9":[0,0],"10":[0,0],"11":[0,0],"12":[0,0]},"_coverageSchema":"43e27e138ebf9cfc5966b082cf9a028302ed4184","hash":"b895606aa4b6eb79f5c967378ab1da316ec5ddb9"}
,"/Users/tpgoss/Desktop/salon-on-backend/Project/Backend/network.js": {"path":"/Users/tpgoss/Desktop/salon-on-backend/Project/Backend/network.js","statementMap":{"0":{"start":{"line":1,"column":18},"end":{"line":1,"column":34}},"1":{"start":{"line":5,"column":16},"end":{"line":19,"column":4}},"2":{"start":{"line":6,"column":4},"end":{"line":18,"column":7}},"3":{"start":{"line":7,"column":17},"end":{"line":7,"column":19}},"4":{"start":{"line":8,"column":6},"end":{"line":10,"column":9}},"5":{"start":{"line":9,"column":8},"end":{"line":9,"column":22}},"6":{"start":{"line":11,"column":6},"end":{"line":14,"column":9}},"7":{"start":{"line":13,"column":8},"end":{"line":13,"column":33}},"8":{"start":{"line":16,"column":6},"end":{"line":16,"column":43}},"9":{"start":{"line":17,"column":6},"end":{"line":17,"column":14}},"10":{"start":{"line":20,"column":2},"end":{"line":20,"column":16}},"11":{"start":{"line":25,"column":2},"end":{"line":32,"column":5}},"12":{"start":{"line":27,"column":4},"end":{"line":31,"column":5}},"13":{"start":{"line":28,"column":6},"end":{"line":28,"column":65}},"14":{"start":{"line":33,"column":2},"end":{"line":35,"column":5}},"15":{"start":{"line":34,"column":4},"end":{"line":34,"column":65}},"16":{"start":{"line":36,"column":2},"end":{"line":38,"column":5}},"17":{"start":{"line":37,"column":4},"end":{"line":37,"column":67}},"18":{"start":{"line":39,"column":2},"end":{"line":39,"column":35}},"19":{"start":{"line":42,"column":0},"end":{"line":42,"column":18}},"20":{"start":{"line":43,"column":0},"end":{"line":43,"column":20}}},"fnMap":{"0":{"name":"get","decl":{"start":{"line":4,"column":15},"end":{"line":4,"column":18}},"loc":{"start":{"line":4,"column":24},"end":{"line":21,"column":1}},"line":4},"1":{"name":"(anonymous_1)","decl":{"start":{"line":5,"column":28},"end":{"line":5,"column":29}},"loc":{"start":{"line":5,"column":54},"end":{"line":19,"column":3}},"line":5},"2":{"name":"(anonymous_2)","decl":{"start":{"line":6,"column":19},"end":{"line":6,"column":20}},"loc":{"start":{"line":6,"column":29},"end":{"line":15,"column":5}},"line":6},"3":{"name":"(anonymous_3)","decl":{"start":{"line":8,"column":22},"end":{"line":8,"column":23}},"loc":{"start":{"line":8,"column":33},"end":{"line":10,"column":7}},"line":8},"4":{"name":"(anonymous_4)","decl":{"start":{"line":11,"column":21},"end":{"line":11,"column":22}},"loc":{"start":{"line":11,"column":27},"end":{"line":14,"column":7}},"line":11},"5":{"name":"(anonymous_5)","decl":{"start":{"line":15,"column":19},"end":{"line":15,"column":20}},"loc":{"start":{"line":15,"column":28},"end":{"line":18,"column":5}},"line":15},"6":{"name":"post","decl":{"start":{"line":23,"column":9},"end":{"line":23,"column":13}},"loc":{"start":{"line":23,"column":29},"end":{"line":40,"column":1}},"line":23},"7":{"name":"(anonymous_7)","decl":{"start":{"line":25,"column":34},"end":{"line":25,"column":35}},"loc":{"start":{"line":25,"column":48},"end":{"line":32,"column":3}},"line":25},"8":{"name":"(anonymous_8)","decl":{"start":{"line":33,"column":21},"end":{"line":33,"column":22}},"loc":{"start":{"line":33,"column":35},"end":{"line":35,"column":3}},"line":33},"9":{"name":"(anonymous_9)","decl":{"start":{"line":36,"column":23},"end":{"line":36,"column":24}},"loc":{"start":{"line":36,"column":37},"end":{"line":38,"column":3}},"line":36}},"branchMap":{"0":{"loc":{"start":{"line":27,"column":4},"end":{"line":31,"column":5}},"type":"if","locations":[{"start":{"line":27,"column":4},"end":{"line":31,"column":5}},{"start":{"line":27,"column":4},"end":{"line":31,"column":5}}],"line":27},"1":{"loc":{"start":{"line":27,"column":7},"end":{"line":27,"column":51}},"type":"binary-expr","locations":[{"start":{"line":27,"column":7},"end":{"line":27,"column":27}},{"start":{"line":27,"column":31},"end":{"line":27,"column":51}}],"line":27}},"s":{"0":1,"1":1,"2":1,"3":1,"4":1,"5":1,"6":1,"7":1,"8":0,"9":0,"10":1,"11":0,"12":0,"13":0,"14":0,"15":0,"16":0,"17":0,"18":0,"19":1,"20":1},"f":{"0":1,"1":1,"2":1,"3":1,"4":1,"5":0,"6":0,"7":0,"8":0,"9":0},"b":{"0":[0,0],"1":[0,0]},"_coverageSchema":"43e27e138ebf9cfc5966b082cf9a028302ed4184","hash":"2af3f15bb84e737934c6e188981b7532a9e7b798"}
}
