TN:
SF:/Users/tpgoss/Desktop/salon-on-backend/Project/helperFunctions.js
FN:9,distanceBetweenTwoPoints
FNF:1
FNH:1
FNDA:1,distanceBetweenTwoPoints
DA:5,1
DA:6,1
DA:11,1
DA:12,1
DA:13,1
DA:14,1
DA:15,1
DA:16,1
DA:17,1
DA:18,1
DA:19,1
DA:20,1
DA:22,1
DA:26,1
LF:14
LH:14
BRF:0
BRH:0
end_of_record
TN:
SF:/Users/tpgoss/Desktop/salon-on-backend/Project/Backend/database.js
FN:16,getAllHairStyles
FN:19,getAllAmenities
FN:22,getAllStylists
FN:25,getAllClients
FN:30,searchStylists
FN:34,searchByLocation
FN:56,getAmenityByID
FN:61,getClientByID
FN:66,getClientByUserAndPass
FN:79,createUser
FN:95,addstylist
FN:106,(anonymous_11)
FN:129,connect
FN:130,(anonymous_13)
FN:131,(anonymous_14)
FN:138,(anonymous_15)
FN:140,(anonymous_16)
FN:147,disconnect
FN:148,(anonymous_18)
FN:149,(anonymous_19)
FN:156,(anonymous_20)
FN:158,(anonymous_21)
FN:167,runQuery
FN:169,(anonymous_23)
FN:170,(anonymous_24)
FN:177,(anonymous_25)
FN:182,(anonymous_26)
FN:190,transaction
FN:191,(anonymous_28)
FN:193,(anonymous_29)
FN:197,(anonymous_30)
FN:209,(anonymous_31)
FN:213,(anonymous_32)
FN:215,(anonymous_33)
FNF:34
FNH:8
FNDA:1,getAllHairStyles
FNDA:1,getAllAmenities
FNDA:1,getAllStylists
FNDA:1,getAllClients
FNDA:0,searchStylists
FNDA:0,searchByLocation
FNDA:0,getAmenityByID
FNDA:0,getClientByID
FNDA:0,getClientByUserAndPass
FNDA:0,createUser
FNDA:0,addstylist
FNDA:0,(anonymous_11)
FNDA:0,connect
FNDA:0,(anonymous_13)
FNDA:0,(anonymous_14)
FNDA:0,(anonymous_15)
FNDA:0,(anonymous_16)
FNDA:0,disconnect
FNDA:0,(anonymous_18)
FNDA:0,(anonymous_19)
FNDA:0,(anonymous_20)
FNDA:0,(anonymous_21)
FNDA:4,runQuery
FNDA:4,(anonymous_23)
FNDA:4,(anonymous_24)
FNDA:4,(anonymous_25)
FNDA:0,(anonymous_26)
FNDA:0,transaction
FNDA:0,(anonymous_28)
FNDA:0,(anonymous_29)
FNDA:0,(anonymous_30)
FNDA:0,(anonymous_31)
FNDA:0,(anonymous_32)
FNDA:0,(anonymous_33)
DA:1,1
DA:2,1
DA:3,1
DA:6,1
DA:17,1
DA:20,1
DA:23,1
DA:26,1
DA:31,0
DA:32,0
DA:35,0
DA:36,0
DA:38,0
DA:41,0
DA:42,0
DA:43,0
DA:46,0
DA:47,0
DA:48,0
DA:49,0
DA:50,0
DA:52,0
DA:53,0
DA:57,0
DA:58,0
DA:59,0
DA:62,0
DA:63,0
DA:64,0
DA:67,0
DA:68,0
DA:69,0
DA:71,0
DA:80,0
DA:81,0
DA:82,0
DA:83,0
DA:84,0
DA:86,0
DA:87,0
DA:97,0
DA:98,0
DA:99,0
DA:100,0
DA:101,0
DA:104,0
DA:105,0
DA:106,0
DA:107,0
DA:109,0
DA:110,0
DA:111,0
DA:112,0
DA:114,0
DA:115,0
DA:130,0
DA:131,0
DA:132,0
DA:133,0
DA:135,0
DA:139,0
DA:141,0
DA:148,0
DA:149,0
DA:150,0
DA:151,0
DA:153,0
DA:157,0
DA:159,0
DA:169,4
DA:170,4
DA:171,4
DA:172,0
DA:174,4
DA:178,4
DA:181,4
DA:183,0
DA:184,0
DA:191,0
DA:192,0
DA:193,0
DA:194,0
DA:195,0
DA:197,0
DA:198,0
DA:199,0
DA:200,0
DA:202,0
DA:203,0
DA:210,0
DA:211,0
DA:212,0
DA:214,0
DA:215,0
DA:216,0
DA:217,0
DA:219,0
DA:222,0
DA:228,1
DA:229,1
DA:230,1
DA:231,1
DA:232,1
DA:233,1
DA:234,1
DA:235,1
DA:236,1
DA:237,1
DA:238,1
DA:239,1
DA:240,1
LF:111
LH:27
BRDA:41,0,0,0
BRDA:41,0,1,0
BRDA:48,1,0,0
BRDA:48,1,1,0
BRDA:68,2,0,0
BRDA:68,2,1,0
BRDA:82,3,0,0
BRDA:82,3,1,0
BRDA:99,4,0,0
BRDA:99,4,1,0
BRDA:110,5,0,0
BRDA:110,5,1,0
BRDA:132,6,0,0
BRDA:132,6,1,0
BRDA:150,7,0,0
BRDA:150,7,1,0
BRDA:171,8,0,0
BRDA:171,8,1,4
BRDA:194,9,0,0
BRDA:194,9,1,0
BRDA:199,10,0,0
BRDA:199,10,1,0
BRDA:202,11,0,0
BRDA:202,11,1,0
BRDA:216,12,0,0
BRDA:216,12,1,0
BRF:26
BRH:1
end_of_record
TN:
SF:/Users/tpgoss/Desktop/salon-on-backend/Project/Backend/network.js
FN:4,get
FN:5,(anonymous_1)
FN:6,(anonymous_2)
FN:8,(anonymous_3)
FN:11,(anonymous_4)
FN:15,(anonymous_5)
FN:23,post
FN:25,(anonymous_7)
FN:33,(anonymous_8)
FN:36,(anonymous_9)
FNF:10
FNH:5
FNDA:1,get
FNDA:1,(anonymous_1)
FNDA:1,(anonymous_2)
FNDA:1,(anonymous_3)
FNDA:1,(anonymous_4)
FNDA:0,(anonymous_5)
FNDA:0,post
FNDA:0,(anonymous_7)
FNDA:0,(anonymous_8)
FNDA:0,(anonymous_9)
DA:1,1
DA:5,1
DA:6,1
DA:7,1
DA:8,1
DA:9,1
DA:11,1
DA:13,1
DA:16,0
DA:17,0
DA:20,1
DA:25,0
DA:27,0
DA:28,0
DA:33,0
DA:34,0
DA:36,0
DA:37,0
DA:39,0
DA:42,1
DA:43,1
LF:21
LH:11
BRDA:27,0,0,0
BRDA:27,0,1,0
BRDA:27,1,0,0
BRDA:27,1,1,0
BRF:4
BRH:0
end_of_record
